my_coffee/build/app/intermediates/manifest_merge_blame_file/release/manifest-merger-blame-release-report.txt
1<?xml version="1.0" encoding="utf-8"?>
2<manifest xmlns:android="http://schemas.android.com/apk/res/android"
3    package="com.app.twt"
4    android:versionCode="1"
5    android:versionName="1.0.0" >
6
7    <uses-sdk
8        android:minSdkVersion="24"
9        android:targetSdkVersion="34" />
10
11    <uses-feature
11-->src/main/AndroidManifest.xml:2:5-4:36
12        android:name="android.hardware.camera"
12-->src/main/AndroidManifest.xml:3:9-47
13        android:required="false" />
13-->src/main/AndroidManifest.xml:4:9-33
14
15    <uses-permission android:name="android.permission.ACCESS_COARSE_LOCATION" />
15-->src/main/AndroidManifest.xml:6:5-80
15-->src/main/AndroidManifest.xml:6:22-78
16    <uses-permission android:name="android.permission.ACCESS_FINE_LOCATION" />
16-->src/main/AndroidManifest.xml:7:5-78
16-->src/main/AndroidManifest.xml:7:22-76
17    <uses-permission android:name="android.permission.INTERNET" />
17-->src/main/AndroidManifest.xml:8:5-66
17-->src/main/AndroidManifest.xml:8:22-64
18    <uses-permission android:name="android.permission.CAMERA" />
18-->src/main/AndroidManifest.xml:9:5-64
18-->src/main/AndroidManifest.xml:9:22-62
19    <uses-permission android:name="android.permission.READ_EXTERNAL_STORAGE" />
19-->src/main/AndroidManifest.xml:10:5-79
19-->src/main/AndroidManifest.xml:10:22-77
20    <uses-permission android:name="android.permission.WRITE_EXTERNAL_STORAGE" />
20-->src/main/AndroidManifest.xml:11:5-80
20-->src/main/AndroidManifest.xml:11:22-78
21    <!--
22         Required to query activities that can process text, see:
23         https://developer.android.com/training/package-visibility and
24         https://developer.android.com/reference/android/content/Intent#ACTION_PROCESS_TEXT.
25
26         In particular, this is used by the Flutter engine in io.flutter.plugin.text.ProcessTextPlugin.
27    -->
28    <queries>
28-->src/main/AndroidManifest.xml:53:5-58:15
29        <intent>
29-->src/main/AndroidManifest.xml:54:9-57:18
30            <action android:name="android.intent.action.PROCESS_TEXT" />
30-->src/main/AndroidManifest.xml:55:13-72
30-->src/main/AndroidManifest.xml:55:21-70
31
32            <data android:mimeType="text/plain" />
32-->src/main/AndroidManifest.xml:56:13-50
32-->src/main/AndroidManifest.xml:56:19-48
33        </intent>
34        <!-- Needs to be explicitly declared on Android R+ -->
35        <package android:name="com.google.android.apps.maps" />
35-->[com.google.android.gms:play-services-maps:18.2.0] AndroidManifest.xml:33:9-64
35-->[com.google.android.gms:play-services-maps:18.2.0] AndroidManifest.xml:33:18-61
36
37        <intent>
37-->[androidx.media2:media2-session:1.2.1] AndroidManifest.xml:25:9-27:18
38            <action android:name="android.media.browse.MediaBrowserService" />
38-->[androidx.media2:media2-session:1.2.1] AndroidManifest.xml:26:13-79
38-->[androidx.media2:media2-session:1.2.1] AndroidManifest.xml:26:21-76
39        </intent>
40        <intent>
40-->[androidx.media2:media2-session:1.2.1] AndroidManifest.xml:28:9-30:18
41            <action android:name="androidx.media2.session.MediaSessionService" />
41-->[androidx.media2:media2-session:1.2.1] AndroidManifest.xml:29:13-82
41-->[androidx.media2:media2-session:1.2.1] AndroidManifest.xml:29:21-79
42        </intent>
43        <intent>
43-->[androidx.media2:media2-session:1.2.1] AndroidManifest.xml:31:9-33:18
44            <action android:name="androidx.media2.session.MediaLibraryService" />
44-->[androidx.media2:media2-session:1.2.1] AndroidManifest.xml:32:13-82
44-->[androidx.media2:media2-session:1.2.1] AndroidManifest.xml:32:21-79
45        </intent>
46    </queries>
47
48    <uses-permission android:name="android.permission.ACCESS_NETWORK_STATE" />
48-->[:connectivity_plus] AndroidManifest.xml:7:5-79
48-->[:connectivity_plus] AndroidManifest.xml:7:22-76
49
50    <uses-feature
50-->[com.google.android.gms:play-services-maps:18.2.0] AndroidManifest.xml:26:5-28:35
51        android:glEsVersion="0x00020000"
51-->[com.google.android.gms:play-services-maps:18.2.0] AndroidManifest.xml:27:9-41
52        android:required="true" />
52-->[com.google.android.gms:play-services-maps:18.2.0] AndroidManifest.xml:28:9-32
53
54    <permission
54-->[androidx.core:core:1.13.1] AndroidManifest.xml:22:5-24:47
55        android:name="com.app.twt.DYNAMIC_RECEIVER_NOT_EXPORTED_PERMISSION"
55-->[androidx.core:core:1.13.1] AndroidManifest.xml:23:9-81
56        android:protectionLevel="signature" />
56-->[androidx.core:core:1.13.1] AndroidManifest.xml:24:9-44
57
58    <uses-permission android:name="com.app.twt.DYNAMIC_RECEIVER_NOT_EXPORTED_PERMISSION" />
58-->[androidx.core:core:1.13.1] AndroidManifest.xml:26:5-97
58-->[androidx.core:core:1.13.1] AndroidManifest.xml:26:22-94
59
60    <uses-feature
60-->[com.journeyapps:zxing-android-embedded:4.3.0] AndroidManifest.xml:28:5-30:36
61        android:name="android.hardware.camera.front"
61-->[com.journeyapps:zxing-android-embedded:4.3.0] AndroidManifest.xml:29:9-53
62        android:required="false" /> <!-- TODO replace above two with next line after Android 4.2 -->
62-->[com.journeyapps:zxing-android-embedded:4.3.0] AndroidManifest.xml:30:9-33
63    <!-- <uses-feature android:name="android.hardware.camera.any"/> -->
64    <uses-feature
64-->[com.journeyapps:zxing-android-embedded:4.3.0] AndroidManifest.xml:33:5-35:36
65        android:name="android.hardware.camera.autofocus"
65-->[com.journeyapps:zxing-android-embedded:4.3.0] AndroidManifest.xml:34:9-57
66        android:required="false" />
66-->[com.journeyapps:zxing-android-embedded:4.3.0] AndroidManifest.xml:35:9-33
67    <uses-feature
67-->[com.journeyapps:zxing-android-embedded:4.3.0] AndroidManifest.xml:36:5-38:36
68        android:name="android.hardware.camera.flash"
68-->[com.journeyapps:zxing-android-embedded:4.3.0] AndroidManifest.xml:37:9-53
69        android:required="false" />
69-->[com.journeyapps:zxing-android-embedded:4.3.0] AndroidManifest.xml:38:9-33
70    <uses-feature
70-->[com.journeyapps:zxing-android-embedded:4.3.0] AndroidManifest.xml:39:5-41:36
71        android:name="android.hardware.screen.landscape"
71-->[com.journeyapps:zxing-android-embedded:4.3.0] AndroidManifest.xml:40:9-57
72        android:required="false" />
72-->[com.journeyapps:zxing-android-embedded:4.3.0] AndroidManifest.xml:41:9-33
73    <uses-feature
73-->[com.journeyapps:zxing-android-embedded:4.3.0] AndroidManifest.xml:42:5-44:36
74        android:name="android.hardware.wifi"
74-->[com.journeyapps:zxing-android-embedded:4.3.0] AndroidManifest.xml:43:9-45
75        android:required="false" />
75-->[com.journeyapps:zxing-android-embedded:4.3.0] AndroidManifest.xml:44:9-33
76
77    <application
78        android:name="android.app.Application"
78-->src/main/AndroidManifest.xml:14:9-42
79        android:appComponentFactory="androidx.core.app.CoreComponentFactory"
79-->[androidx.core:core:1.13.1] AndroidManifest.xml:28:18-86
80        android:extractNativeLibs="false"
81        android:icon="@mipmap/ic_launcher"
81-->src/main/AndroidManifest.xml:15:9-43
82        android:label="TWT" >
82-->src/main/AndroidManifest.xml:13:9-28
83        <activity
83-->src/main/AndroidManifest.xml:16:9-37:20
84            android:name="com.app.twt.MainActivity"
84-->src/main/AndroidManifest.xml:17:13-41
85            android:configChanges="orientation|keyboardHidden|keyboard|screenSize|smallestScreenSize|locale|layoutDirection|fontScale|screenLayout|density|uiMode"
85-->src/main/AndroidManifest.xml:22:13-163
86            android:exported="true"
86-->src/main/AndroidManifest.xml:18:13-36
87            android:hardwareAccelerated="true"
87-->src/main/AndroidManifest.xml:23:13-47
88            android:launchMode="singleTop"
88-->src/main/AndroidManifest.xml:19:13-43
89            android:taskAffinity=""
89-->src/main/AndroidManifest.xml:20:13-36
90            android:theme="@style/LaunchTheme"
90-->src/main/AndroidManifest.xml:21:13-47
91            android:windowSoftInputMode="adjustResize" >
91-->src/main/AndroidManifest.xml:24:13-55
92
93            <!--
94                 Specifies an Android theme to apply to this Activity as soon as
95                 the Android process has started. This theme is visible to the user
96                 while the Flutter UI initializes. After that, this theme continues
97                 to determine the Window background behind the Flutter UI.
98            -->
99            <meta-data
99-->src/main/AndroidManifest.xml:29:13-32:17
100                android:name="io.flutter.embedding.android.NormalTheme"
100-->src/main/AndroidManifest.xml:30:15-70
101                android:resource="@style/NormalTheme" />
101-->src/main/AndroidManifest.xml:31:15-52
102
103            <intent-filter>
103-->src/main/AndroidManifest.xml:33:13-36:29
104                <action android:name="android.intent.action.MAIN" />
104-->src/main/AndroidManifest.xml:34:17-68
104-->src/main/AndroidManifest.xml:34:25-66
105
106                <category android:name="android.intent.category.LAUNCHER" />
106-->src/main/AndroidManifest.xml:35:17-76
106-->src/main/AndroidManifest.xml:35:27-74
107            </intent-filter>
108        </activity>
109        <activity
109-->src/main/AndroidManifest.xml:38:9-41:71
110            android:name="com.yalantis.ucrop.UCropActivity"
110-->src/main/AndroidManifest.xml:39:13-60
111            android:screenOrientation="portrait"
111-->src/main/AndroidManifest.xml:40:13-49
112            android:theme="@style/Theme.AppCompat.Light.NoActionBar" />
112-->src/main/AndroidManifest.xml:41:13-69
113        <!--
114             Don't delete the meta-data below.
115             This is used by the Flutter tool to generate GeneratedPluginRegistrant.java
116        -->
117        <meta-data
117-->src/main/AndroidManifest.xml:44:9-46:33
118            android:name="flutterEmbedding"
118-->src/main/AndroidManifest.xml:45:13-44
119            android:value="2" />
119-->src/main/AndroidManifest.xml:46:13-30
120
121        <provider
121-->[:image_picker_android] AndroidManifest.xml:9:9-17:20
122            android:name="io.flutter.plugins.imagepicker.ImagePickerFileProvider"
122-->[:image_picker_android] AndroidManifest.xml:10:13-82
123            android:authorities="com.app.twt.flutter.image_provider"
123-->[:image_picker_android] AndroidManifest.xml:11:13-74
124            android:exported="false"
124-->[:image_picker_android] AndroidManifest.xml:12:13-37
125            android:grantUriPermissions="true" >
125-->[:image_picker_android] AndroidManifest.xml:13:13-47
126            <meta-data
126-->[:image_picker_android] AndroidManifest.xml:14:13-16:75
127                android:name="android.support.FILE_PROVIDER_PATHS"
127-->[:image_picker_android] AndroidManifest.xml:15:17-67
128                android:resource="@xml/flutter_image_picker_file_paths" />
128-->[:image_picker_android] AndroidManifest.xml:16:17-72
129        </provider> <!-- Trigger Google Play services to install the backported photo picker module. -->
130        <service
130-->[:image_picker_android] AndroidManifest.xml:19:9-31:19
131            android:name="com.google.android.gms.metadata.ModuleDependencies"
131-->[:image_picker_android] AndroidManifest.xml:20:13-78
132            android:enabled="false"
132-->[:image_picker_android] AndroidManifest.xml:21:13-36
133            android:exported="false" >
133-->[:image_picker_android] AndroidManifest.xml:22:13-37
134            <intent-filter>
134-->[:image_picker_android] AndroidManifest.xml:24:13-26:29
135                <action android:name="com.google.android.gms.metadata.MODULE_DEPENDENCIES" />
135-->[:image_picker_android] AndroidManifest.xml:25:17-94
135-->[:image_picker_android] AndroidManifest.xml:25:25-91
136            </intent-filter>
137
138            <meta-data
138-->[:image_picker_android] AndroidManifest.xml:28:13-30:36
139                android:name="photopicker_activity:0:required"
139-->[:image_picker_android] AndroidManifest.xml:29:17-63
140                android:value="" />
140-->[:image_picker_android] AndroidManifest.xml:30:17-33
141        </service>
142        <service
142-->[:geolocator_android] AndroidManifest.xml:8:9-12:56
143            android:name="com.baseflow.geolocator.GeolocatorLocationService"
143-->[:geolocator_android] AndroidManifest.xml:9:13-77
144            android:enabled="true"
144-->[:geolocator_android] AndroidManifest.xml:10:13-35
145            android:exported="false"
145-->[:geolocator_android] AndroidManifest.xml:11:13-37
146            android:foregroundServiceType="location" />
146-->[:geolocator_android] AndroidManifest.xml:12:13-53
147
148        <activity
148-->[:url_launcher_android] AndroidManifest.xml:8:9-11:74
149            android:name="io.flutter.plugins.urllauncher.WebViewActivity"
149-->[:url_launcher_android] AndroidManifest.xml:9:13-74
150            android:exported="false"
150-->[:url_launcher_android] AndroidManifest.xml:10:13-37
151            android:theme="@android:style/Theme.NoTitleBar.Fullscreen" /> <!-- Needs to be explicitly declared on P+ -->
151-->[:url_launcher_android] AndroidManifest.xml:11:13-71
152        <uses-library
152-->[com.google.android.gms:play-services-maps:18.2.0] AndroidManifest.xml:39:9-41:40
153            android:name="org.apache.http.legacy"
153-->[com.google.android.gms:play-services-maps:18.2.0] AndroidManifest.xml:40:13-50
154            android:required="false" />
154-->[com.google.android.gms:play-services-maps:18.2.0] AndroidManifest.xml:41:13-37
155
156        <activity
156-->[com.google.android.gms:play-services-base:18.3.0] AndroidManifest.xml:20:9-22:45
157            android:name="com.google.android.gms.common.api.GoogleApiActivity"
157-->[com.google.android.gms:play-services-base:18.3.0] AndroidManifest.xml:20:19-85
158            android:exported="false"
158-->[com.google.android.gms:play-services-base:18.3.0] AndroidManifest.xml:22:19-43
159            android:theme="@android:style/Theme.Translucent.NoTitleBar" />
159-->[com.google.android.gms:play-services-base:18.3.0] AndroidManifest.xml:21:19-78
160
161        <meta-data
161-->[com.google.android.gms:play-services-basement:18.3.0] AndroidManifest.xml:21:9-23:69
162            android:name="com.google.android.gms.version"
162-->[com.google.android.gms:play-services-basement:18.3.0] AndroidManifest.xml:22:13-58
163            android:value="@integer/google_play_services_version" />
163-->[com.google.android.gms:play-services-basement:18.3.0] AndroidManifest.xml:23:13-66
164
165        <uses-library
165-->[androidx.window:window:1.2.0] AndroidManifest.xml:23:9-25:40
166            android:name="androidx.window.extensions"
166-->[androidx.window:window:1.2.0] AndroidManifest.xml:24:13-54
167            android:required="false" />
167-->[androidx.window:window:1.2.0] AndroidManifest.xml:25:13-37
168        <uses-library
168-->[androidx.window:window:1.2.0] AndroidManifest.xml:26:9-28:40
169            android:name="androidx.window.sidecar"
169-->[androidx.window:window:1.2.0] AndroidManifest.xml:27:13-51
170            android:required="false" />
170-->[androidx.window:window:1.2.0] AndroidManifest.xml:28:13-37
171
172        <provider
172-->[androidx.emoji2:emoji2:1.2.0] AndroidManifest.xml:24:9-32:20
173            android:name="androidx.startup.InitializationProvider"
173-->[androidx.emoji2:emoji2:1.2.0] AndroidManifest.xml:25:13-67
174            android:authorities="com.app.twt.androidx-startup"
174-->[androidx.emoji2:emoji2:1.2.0] AndroidManifest.xml:26:13-68
175            android:exported="false" >
175-->[androidx.emoji2:emoji2:1.2.0] AndroidManifest.xml:27:13-37
176            <meta-data
176-->[androidx.emoji2:emoji2:1.2.0] AndroidManifest.xml:29:13-31:52
177                android:name="androidx.emoji2.text.EmojiCompatInitializer"
177-->[androidx.emoji2:emoji2:1.2.0] AndroidManifest.xml:30:17-75
178                android:value="androidx.startup" />
178-->[androidx.emoji2:emoji2:1.2.0] AndroidManifest.xml:31:17-49
179            <meta-data
179-->[androidx.lifecycle:lifecycle-process:2.7.0] AndroidManifest.xml:29:13-31:52
180                android:name="androidx.lifecycle.ProcessLifecycleInitializer"
180-->[androidx.lifecycle:lifecycle-process:2.7.0] AndroidManifest.xml:30:17-78
181                android:value="androidx.startup" />
181-->[androidx.lifecycle:lifecycle-process:2.7.0] AndroidManifest.xml:31:17-49
182            <meta-data
182-->[androidx.profileinstaller:profileinstaller:1.3.1] AndroidManifest.xml:29:13-31:52
183                android:name="androidx.profileinstaller.ProfileInstallerInitializer"
183-->[androidx.profileinstaller:profileinstaller:1.3.1] AndroidManifest.xml:30:17-85
184                android:value="androidx.startup" />
184-->[androidx.profileinstaller:profileinstaller:1.3.1] AndroidManifest.xml:31:17-49
185        </provider>
186
187        <receiver
187-->[androidx.profileinstaller:profileinstaller:1.3.1] AndroidManifest.xml:34:9-52:20
188            android:name="androidx.profileinstaller.ProfileInstallReceiver"
188-->[androidx.profileinstaller:profileinstaller:1.3.1] AndroidManifest.xml:35:13-76
189            android:directBootAware="false"
189-->[androidx.profileinstaller:profileinstaller:1.3.1] AndroidManifest.xml:36:13-44
190            android:enabled="true"
190-->[androidx.profileinstaller:profileinstaller:1.3.1] AndroidManifest.xml:37:13-35
191            android:exported="true"
191-->[androidx.profileinstaller:profileinstaller:1.3.1] AndroidManifest.xml:38:13-36
192            android:permission="android.permission.DUMP" >
192-->[androidx.profileinstaller:profileinstaller:1.3.1] AndroidManifest.xml:39:13-57
193            <intent-filter>
193-->[androidx.profileinstaller:profileinstaller:1.3.1] AndroidManifest.xml:40:13-42:29
194                <action android:name="androidx.profileinstaller.action.INSTALL_PROFILE" />
194-->[androidx.profileinstaller:profileinstaller:1.3.1] AndroidManifest.xml:41:17-91
194-->[androidx.profileinstaller:profileinstaller:1.3.1] AndroidManifest.xml:41:25-88
195            </intent-filter>
196            <intent-filter>
196-->[androidx.profileinstaller:profileinstaller:1.3.1] AndroidManifest.xml:43:13-45:29
197                <action android:name="androidx.profileinstaller.action.SKIP_FILE" />
197-->[androidx.profileinstaller:profileinstaller:1.3.1] AndroidManifest.xml:44:17-85
197-->[androidx.profileinstaller:profileinstaller:1.3.1] AndroidManifest.xml:44:25-82
198            </intent-filter>
199            <intent-filter>
199-->[androidx.profileinstaller:profileinstaller:1.3.1] AndroidManifest.xml:46:13-48:29
200                <action android:name="androidx.profileinstaller.action.SAVE_PROFILE" />
200-->[androidx.profileinstaller:profileinstaller:1.3.1] AndroidManifest.xml:47:17-88
200-->[androidx.profileinstaller:profileinstaller:1.3.1] AndroidManifest.xml:47:25-85
201            </intent-filter>
202            <intent-filter>
202-->[androidx.profileinstaller:profileinstaller:1.3.1] AndroidManifest.xml:49:13-51:29
203                <action android:name="androidx.profileinstaller.action.BENCHMARK_OPERATION" />
203-->[androidx.profileinstaller:profileinstaller:1.3.1] AndroidManifest.xml:50:17-95
203-->[androidx.profileinstaller:profileinstaller:1.3.1] AndroidManifest.xml:50:25-92
204            </intent-filter>
205        </receiver>
206
207        <activity
207-->[com.journeyapps:zxing-android-embedded:4.3.0] AndroidManifest.xml:47:9-53:63
208            android:name="com.journeyapps.barcodescanner.CaptureActivity"
208-->[com.journeyapps:zxing-android-embedded:4.3.0] AndroidManifest.xml:48:13-74
209            android:clearTaskOnLaunch="true"
209-->[com.journeyapps:zxing-android-embedded:4.3.0] AndroidManifest.xml:49:13-45
210            android:screenOrientation="sensorLandscape"
210-->[com.journeyapps:zxing-android-embedded:4.3.0] AndroidManifest.xml:50:13-56
211            android:stateNotNeeded="true"
211-->[com.journeyapps:zxing-android-embedded:4.3.0] AndroidManifest.xml:51:13-42
212            android:theme="@style/zxing_CaptureTheme"
212-->[com.journeyapps:zxing-android-embedded:4.3.0] AndroidManifest.xml:52:13-54
213            android:windowSoftInputMode="stateAlwaysHidden" />
213-->[com.journeyapps:zxing-android-embedded:4.3.0] AndroidManifest.xml:53:13-60
214    </application>
215
216</manifest>